mode: atomic
github.com/opencontrol/oscalkit/validator/validator.go:45.39,46.34 1 3
github.com/opencontrol/oscalkit/validator/validator.go:54.2,54.12 1 1
github.com/opencontrol/oscalkit/validator/validator.go:47.15,48.47 1 1
github.com/opencontrol/oscalkit/validator/validator.go:50.14,51.46 1 1
github.com/opencontrol/oscalkit/validator/validator.go:57.60,59.2 1 0
github.com/opencontrol/oscalkit/validator/validator.go:63.55,66.16 3 4
github.com/opencontrol/oscalkit/validator/validator.go:70.2,72.25 2 0
github.com/opencontrol/oscalkit/validator/validator.go:86.2,86.12 1 0
github.com/opencontrol/oscalkit/validator/validator.go:66.16,68.3 1 4
github.com/opencontrol/oscalkit/validator/validator.go:72.25,74.17 2 0
github.com/opencontrol/oscalkit/validator/validator.go:77.3,79.49 2 0
github.com/opencontrol/oscalkit/validator/validator.go:83.3,83.70 1 0
github.com/opencontrol/oscalkit/validator/validator.go:74.17,76.4 1 0
github.com/opencontrol/oscalkit/validator/validator.go:79.49,81.4 1 0
github.com/opencontrol/oscalkit/validator/validator.go:91.54,92.25 1 2
github.com/opencontrol/oscalkit/validator/validator.go:114.2,114.12 1 0
github.com/opencontrol/oscalkit/validator/validator.go:92.25,94.17 2 2
github.com/opencontrol/oscalkit/validator/validator.go:97.3,106.42 7 0
github.com/opencontrol/oscalkit/validator/validator.go:111.3,111.69 1 0
github.com/opencontrol/oscalkit/validator/validator.go:94.17,96.4 1 2
github.com/opencontrol/oscalkit/validator/validator.go:106.42,108.12 2 0
github.com/opencontrol/oscalkit/validator/validator.go:117.13,119.2 1 1
github.com/opencontrol/oscalkit/generator/mapper.go:14.89,21.51 5 3
github.com/opencontrol/oscalkit/generator/mapper.go:57.2,57.6 1 3
github.com/opencontrol/oscalkit/generator/mapper.go:21.51,22.41 1 3
github.com/opencontrol/oscalkit/generator/mapper.go:22.41,25.18 2 3
github.com/opencontrol/oscalkit/generator/mapper.go:31.4,32.18 2 3
github.com/opencontrol/oscalkit/generator/mapper.go:39.4,40.18 2 2
github.com/opencontrol/oscalkit/generator/mapper.go:47.4,48.18 2 2
github.com/opencontrol/oscalkit/generator/mapper.go:53.4,53.30 1 2
github.com/opencontrol/oscalkit/generator/mapper.go:25.18,29.5 3 0
github.com/opencontrol/oscalkit/generator/mapper.go:32.18,36.5 3 1
github.com/opencontrol/oscalkit/generator/mapper.go:40.18,45.5 3 0
github.com/opencontrol/oscalkit/generator/mapper.go:48.18,51.5 2 0
github.com/opencontrol/oscalkit/generator/mapper.go:57.6,58.10 1 3
github.com/opencontrol/oscalkit/generator/mapper.go:59.25,60.19 1 0
github.com/opencontrol/oscalkit/generator/mapper.go:61.36,63.25 2 3
github.com/opencontrol/oscalkit/generator/mapper.go:66.4,66.39 1 3
github.com/opencontrol/oscalkit/generator/mapper.go:63.25,65.5 1 2
github.com/opencontrol/oscalkit/generator/mapper.go:66.39,68.5 1 3
github.com/opencontrol/oscalkit/generator/mapper.go:73.130,78.47 2 2
github.com/opencontrol/oscalkit/generator/mapper.go:125.2,125.24 1 2
github.com/opencontrol/oscalkit/generator/mapper.go:78.47,85.49 2 36
github.com/opencontrol/oscalkit/generator/mapper.go:121.3,121.33 1 36
github.com/opencontrol/oscalkit/generator/mapper.go:85.49,90.34 1 512
github.com/opencontrol/oscalkit/generator/mapper.go:90.34,91.57 1 512
github.com/opencontrol/oscalkit/generator/mapper.go:91.57,92.79 1 1274
github.com/opencontrol/oscalkit/generator/mapper.go:92.79,100.68 2 3
github.com/opencontrol/oscalkit/generator/mapper.go:112.7,115.12 3 3
github.com/opencontrol/oscalkit/generator/mapper.go:100.68,101.69 1 13
github.com/opencontrol/oscalkit/generator/mapper.go:101.69,103.94 1 26
github.com/opencontrol/oscalkit/generator/mapper.go:103.94,107.15 3 2
github.com/opencontrol/oscalkit/generator/mapper.go:121.33,123.4 1 2
github.com/opencontrol/oscalkit/generator/reader.go:21.57,24.16 2 4
github.com/opencontrol/oscalkit/generator/reader.go:29.2,29.22 1 3
github.com/opencontrol/oscalkit/generator/reader.go:32.2,32.23 1 3
github.com/opencontrol/oscalkit/generator/reader.go:24.16,26.3 1 1
github.com/opencontrol/oscalkit/generator/reader.go:29.22,31.3 1 0
github.com/opencontrol/oscalkit/generator/reader.go:37.57,40.16 2 0
github.com/opencontrol/oscalkit/generator/reader.go:43.2,43.22 1 0
github.com/opencontrol/oscalkit/generator/reader.go:46.2,46.23 1 0
github.com/opencontrol/oscalkit/generator/reader.go:40.16,42.3 1 0
github.com/opencontrol/oscalkit/generator/reader.go:43.22,45.3 1 0
github.com/opencontrol/oscalkit/generator/reader.go:50.46,52.16 2 4
github.com/opencontrol/oscalkit/generator/reader.go:56.2,56.26 1 3
github.com/opencontrol/oscalkit/generator/reader.go:59.2,60.16 2 2
github.com/opencontrol/oscalkit/generator/reader.go:63.2,65.16 3 2
github.com/opencontrol/oscalkit/generator/reader.go:68.2,71.16 3 2
github.com/opencontrol/oscalkit/generator/reader.go:74.2,74.22 1 2
github.com/opencontrol/oscalkit/generator/reader.go:52.16,54.3 1 1
github.com/opencontrol/oscalkit/generator/reader.go:56.26,58.3 1 1
github.com/opencontrol/oscalkit/generator/reader.go:60.16,62.3 1 0
github.com/opencontrol/oscalkit/generator/reader.go:65.16,67.3 1 0
github.com/opencontrol/oscalkit/generator/reader.go:71.16,73.3 1 0
github.com/opencontrol/oscalkit/generator/reader.go:79.51,80.26 1 1
github.com/opencontrol/oscalkit/generator/reader.go:83.2,83.27 1 1
github.com/opencontrol/oscalkit/generator/reader.go:80.26,82.3 1 0
github.com/opencontrol/oscalkit/generator/reader.go:86.40,88.2 1 5
github.com/opencontrol/oscalkit/generator/reader.go:90.35,93.2 2 2
github.com/opencontrol/oscalkit/generator/reader.go:95.58,98.16 3 2
github.com/opencontrol/oscalkit/generator/reader.go:101.2,103.16 3 2
github.com/opencontrol/oscalkit/generator/reader.go:106.2,106.18 1 2
github.com/opencontrol/oscalkit/generator/reader.go:98.16,100.3 1 0
github.com/opencontrol/oscalkit/generator/reader.go:103.16,105.3 1 0
